<div style={{
              bottom: 'auto',
              top: 0,
              textAlign: 'center',
              zIndex: 10000,
              width: '60vw',
              position: 'fixed',
            }}>
              {item.dashboardItemContent.name}
            </div>
            <VisualizationItem item={item} height={height} width={width} style={{bottom: 10}}/>
            {isFullscreen ? (
              <Fab
                size="medium"
                style={{
                  margin: 0,
                  top: 'auto',
                  left: 10,
                  bottom: 10,
                  right: 'auto',
                  zIndex: 10000,
                  position: 'fixed',
                }}
                color="primary"
                onClick={handleExitFullscreen}
              >
                <FullscreenExitIcon/>
              </Fab>
            ) : (
              <Fab
                size="medium"
                style={{
                  margin: 0,
                  top: 'auto',
                  left: 10,
                  bottom: 10,
                  right: 'auto',
                  zIndex: 10000,
                  position: 'fixed',
                }}
                color="primary"
                onClick={setIsFullscreen}
              >
                <FullScreenIcon/>
              </Fab>
            )}

            <Fab size="medium" color="primary" style={{
              height: '50px',
              margin: 0,
              zIndex: 10000,
              top: 'auto',
              right: 10,
              bottom: 10,
              left: 'auto',
              position: 'fixed',
            }}>
              <HomeIcon onClick={() => store.setPage('3')}/>
            </Fab>
